


 ================================================= 
 	Tue Dec  8 10:15:09 2015 
 =================================================

 Retrieving all the process data .....
 Wrapping Processes Data into json .....
 Eliminating unnecessary json lists .....
 Appending CPU and RAM data of each process to json string .....


 ================================================= 
 	Tue Dec  8 10:28:36 2015 
 =================================================

 Retrieving all the process data .....
 Wrapping Processes Data into json .....
 Eliminating unnecessary json lists .....
 Appending CPU and RAM data of each process to json string .....


 ================================================= 
 	Tue Dec  8 10:47:20 2015 
 =================================================

 Retrieving all the process data .....
 Wrapping Processes Data into json .....
 Eliminating unnecessary json lists .....
 Appending CPU and RAM data of each process to json string .....


 ================================================= 
 	Tue Dec  8 10:50:58 2015 
 =================================================

 Retrieving all the process data .....
 Wrapping Processes Data into json .....
 Eliminating unnecessary json lists .....
 Appending CPU and RAM data of each process to json string .....


 ================================================= 
 	Tue Dec  8 10:52:00 2015 
 =================================================

 Retrieving all the process data .....
 Wrapping Processes Data into json .....
 Eliminating unnecessary json lists .....
 Appending CPU and RAM data of each process to json string .....


 ================================================= 
 	Tue Dec  8 10:52:21 2015 
 =================================================

 Retrieving all the process data .....
 Wrapping Processes Data into json .....
 Eliminating unnecessary json lists .....
 Appending CPU and RAM data of each process to json string .....


 ================================================= 
 	Tue Dec  8 11:07:22 2015 
 =================================================

 Retrieving all the process data .....
 Wrapping Processes Data into json .....
 Eliminating unnecessary json lists .....
 Appending CPU and RAM data of each process to json string .....


 ================================================= 
 	Tue Dec  8 11:09:48 2015 
 =================================================

 Retrieving all the process data .....
 Wrapping Processes Data into json .....
 Eliminating unnecessary json lists .....
 Appending CPU and RAM data of each process to json string .....


 ================================================= 
 	Tue Dec  8 11:12:18 2015 
 =================================================

 Retrieving all the process data .....
 Wrapping Processes Data into json .....
 Eliminating unnecessary json lists .....
 Appending CPU and RAM data of each process to json string .....


 ================================================= 
 	Tue Dec  8 11:12:36 2015 
 =================================================

 Retrieving all the process data .....
 Wrapping Processes Data into json .....
 Eliminating unnecessary json lists .....
 Appending CPU and RAM data of each process to json string .....


 ================================================= 
 	Tue Dec  8 11:13:11 2015 
 =================================================

 Retrieving all the process data .....
 Wrapping Processes Data into json .....
 Eliminating unnecessary json lists .....
 Appending CPU and RAM data of each process to json string .....


 ================================================= 
 	Tue Dec  8 11:13:40 2015 
 =================================================

 Retrieving all the process data .....
 Wrapping Processes Data into json .....
 Eliminating unnecessary json lists .....
 Appending CPU and RAM data of each process to json string .....


 ================================================= 
 	Tue Dec  8 11:23:09 2015 
 =================================================

 Retrieving all the process data .....
 Wrapping Processes Data into json .....
 Eliminating unnecessary json lists .....
 Appending CPU and RAM data of each process to json string .....


 ================================================= 
 	Tue Dec  8 11:26:49 2015 
 =================================================

 Retrieving all the process data .....
 Wrapping Processes Data into json .....
 Eliminating unnecessary json lists .....
 Appending CPU and RAM data of each process to json string .....


 ================================================= 
 	Tue Dec  8 11:27:10 2015 
 =================================================

 Retrieving all the process data .....
 Wrapping Processes Data into json .....
 Eliminating unnecessary json lists .....
 Appending CPU and RAM data of each process to json string .....


 ================================================= 
 	Tue Dec  8 11:28:06 2015 
 =================================================

 Retrieving all the process data .....
 Wrapping Processes Data into json .....
 Eliminating unnecessary json lists .....
 Appending CPU and RAM data of each process to json string .....


 ================================================= 
 	Tue Dec  8 11:28:48 2015 
 =================================================

 Retrieving all the process data .....
 Wrapping Processes Data into json .....
 Eliminating unnecessary json lists .....
 Appending CPU and RAM data of each process to json string .....


 ================================================= 
 	Tue Dec  8 11:29:38 2015 
 =================================================

 Retrieving all the process data .....
 Wrapping Processes Data into json .....
 Eliminating unnecessary json lists .....
 Appending CPU and RAM data of each process to json string .....


 ================================================= 
 	Tue Dec  8 11:30:32 2015 
 =================================================

 Retrieving all the process data .....
 Wrapping Processes Data into json .....
 Eliminating unnecessary json lists .....
 Appending CPU and RAM data of each process to json string .....


 ================================================= 
 	Mon Nov  7 06:56:43 2016 
 =================================================

 Retrieving all the process data .....
 Wrapping Processes Data into json .....
 Eliminating unnecessary json lists .....
 Appending CPU and RAM data of each process to json string .....json data has been generated at /vagrant_data/data_files/raw.json 


 ================================================= 
 	Mon Nov  7 06:59:06 2016 
 =================================================

 Retrieving all the process data .....
 Wrapping Processes Data into json .....
 Eliminating unnecessary json lists .....
 Appending CPU and RAM data of each process to json string .....json data has been generated at /vagrant_data/data_files/raw.json 


 ================================================= 
 	Mon Nov  7 06:59:20 2016 
 =================================================

 Retrieving all the process data .....
 Wrapping Processes Data into json .....
 Eliminating unnecessary json lists .....
 Appending CPU and RAM data of each process to json string .....json data has been generated at /vagrant_data/data_files/raw.json 


 ================================================= 
 	Mon Nov  7 07:00:05 2016 
 =================================================

 Retrieving all the process data .....
 Wrapping Processes Data into json .....
 Eliminating unnecessary json lists .....
 Appending CPU and RAM data of each process to json string .....json data has been generated at /vagrant_data/data_files/raw.json 


 ================================================= 
 	Mon Nov  7 07:00:28 2016 
 =================================================

 Retrieving all the process data .....
 Wrapping Processes Data into json .....
 Eliminating unnecessary json lists .....
 Appending CPU and RAM data of each process to json string .....json data has been generated at /vagrant_data/data_files/raw.json 


 ================================================= 
 	Mon Nov  7 07:01:41 2016 
 =================================================

 Retrieving all the process data .....
 Wrapping Processes Data into json .....
 Eliminating unnecessary json lists .....
 Appending CPU and RAM data of each process to json string .....json data has been generated at /vagrant_data/data_files/raw.json 


 ================================================= 
 	Mon Nov  7 07:02:17 2016 
 =================================================

 Retrieving all the process data .....
 Wrapping Processes Data into json .....
 Eliminating unnecessary json lists .....
 Appending CPU and RAM data of each process to json string .....json data has been generated at /vagrant_data/data_files/raw.json 


 ================================================= 
 	Mon Nov  7 07:02:29 2016 
 =================================================

 Retrieving all the process data .....
 Wrapping Processes Data into json .....
 Eliminating unnecessary json lists .....
 Appending CPU and RAM data of each process to json string .....json data has been generated at /vagrant_data/data_files/raw.json 


 ================================================= 
 	Mon Nov  7 07:02:41 2016 
 =================================================

 Retrieving all the process data .....
 Wrapping Processes Data into json .....
 Eliminating unnecessary json lists .....
 Appending CPU and RAM data of each process to json string .....json data has been generated at /vagrant_data/data_files/raw.json 


 ================================================= 
 	Mon Nov  7 07:03:07 2016 
 =================================================

 Retrieving all the process data .....
 Wrapping Processes Data into json .....
 Eliminating unnecessary json lists .....
 Appending CPU and RAM data of each process to json string .....json data has been generated at /vagrant_data/data_files/raw.json 


 ================================================= 
 	Mon Nov  7 07:11:45 2016 
 =================================================

 Retrieving all the process data .....
 2016-11-07 07:11:45.049701 ==> Wrapping Processes Data into json .....
 Eliminating unnecessary json lists .....
 Appending CPU and RAM data of each process to json string .....json data has been generated at /vagrant_data/data_files/raw.json 


 ================================================= 
 	Mon Nov  7 07:12:03 2016 
 =================================================

 Retrieving all the process data .....
 2016-11-07 07:12:03.026643 ==> Wrapping Processes Data into json .....
 Eliminating unnecessary json lists .....
 Appending CPU and RAM data of each process to json string .....json data has been generated at /vagrant_data/data_files/raw.json 


 ================================================= 
 	Mon Nov  7 07:12:19 2016 
 =================================================

 Retrieving all the process data .....
 2016-11-07 07:12:19.150128 ==> Wrapping Processes Data into json .....
 Eliminating unnecessary json lists .....
 Appending CPU and RAM data of each process to json string .....json data has been generated at /vagrant_data/data_files/raw.json 


 ================================================= 
 	Mon Nov  7 07:13:30 2016 
 =================================================

 2016-11-07 07:13:30.209739 ==> Retrieving all the process data .....
 2016-11-07 07:13:30.234385 ==> Wrapping Processes Data into json .....
 2016-11-07 07:13:30.234463 ==> Eliminating unnecessary json lists .....
 2016-11-07 07:13:30.234494 ==> Appending CPU and RAM data of each process to json string .....json data has been generated at /vagrant_data/data_files/raw.json 


 ================================================= 
 	Mon Nov  7 07:14:22 2016 
 =================================================

 2016-11-07 07:14:22.620975 ==> Retrieving all the process data .....
 2016-11-07 07:14:22.646704 ==> Wrapping Processes Data into json .....
 2016-11-07 07:14:22.646796 ==> Eliminating unnecessary json lists .....
 2016-11-07 07:14:22.646828 ==> Appending CPU and RAM data of each process to json string .....
 2016-11-07 07:14:24.529926 ==> JSON data has been generated at /vagrant_data/data_files/raw.json


 ================================================= 
 	Mon Nov  7 07:14:39 2016 
 =================================================

 2016-11-07 07:14:39.160138 ==> Retrieving all the process data .....
 2016-11-07 07:14:39.183438 ==> Wrapping Processes Data into json .....
 2016-11-07 07:14:39.183599 ==> Eliminating unnecessary json lists .....
 2016-11-07 07:14:39.183636 ==> Appending CPU and RAM data of each process to json string .....
 2016-11-07 07:14:41.085040 ==> JSON data has been generated at /vagrant_data/data_files/raw.json


 ================================================= 
 	Mon Nov  7 07:14:42 2016 
 =================================================

 2016-11-07 07:14:42.922959 ==> Retrieving all the process data .....
 2016-11-07 07:14:42.947106 ==> Wrapping Processes Data into json .....
 2016-11-07 07:14:42.947190 ==> Eliminating unnecessary json lists .....
 2016-11-07 07:14:42.947222 ==> Appending CPU and RAM data of each process to json string .....
 2016-11-07 07:14:44.839466 ==> JSON data has been generated at /vagrant_data/data_files/raw.json


 ================================================= 
 	Mon Nov  7 07:14:52 2016 
 =================================================

 2016-11-07 07:14:52.369744 ==> Retrieving all the process data .....
 2016-11-07 07:14:52.409801 ==> Wrapping Processes Data into json .....
 2016-11-07 07:14:52.409917 ==> Eliminating unnecessary json lists .....
 2016-11-07 07:14:52.409956 ==> Appending CPU and RAM data of each process to json string .....
 2016-11-07 07:14:54.412305 ==> JSON data has been generated at /vagrant_data/data_files/raw.json


 ================================================= 
 	Mon Nov  7 07:15:06 2016 
 =================================================

 2016-11-07 07:15:06.987617 ==> Retrieving all the process data .....
 2016-11-07 07:15:07.012344 ==> Wrapping Processes Data into json .....
 2016-11-07 07:15:07.012521 ==> Eliminating unnecessary json lists .....
 2016-11-07 07:15:07.012585 ==> Appending CPU and RAM data of each process to json string .....
 2016-11-07 07:15:08.891753 ==> JSON data has been generated at /vagrant_data/data_files/raw.json


 ================================================= 
 	Mon Nov  7 07:15:32 2016 
 =================================================

 2016-11-07 07:15:32.455281 ==> Retrieving all the process data .....
 2016-11-07 07:15:32.479461 ==> Wrapping Processes Data into json .....
 2016-11-07 07:15:32.479557 ==> Eliminating unnecessary json lists .....
 2016-11-07 07:15:32.479590 ==> Appending CPU and RAM data of each process to json string .....
 2016-11-07 07:15:34.373532 ==> JSON data has been generated at /vagrant_data/data_files/raw.json